   0  $accept : %entry% $end

   1  parse : classes
   2        | EOF

   3  classes : class_list

   4  class_list :
   5             | class_list clazz

   6  clazz : CLASS TYPEID parent_class LBRACE feature_list RBRACE SEMI

   7  parent_class :
   8               | INHERITS TYPEID
   9               | error

  10  feature_list :
  11               | feature_list feature SEMI

  12  feature : field
  13          | mthd

  14  field : OBJECTID COLON TYPEID init

  15  init :
  16       | ASSIGN expr

  17  mthd : OBJECTID LPAREN formal_list_or_empty RPAREN COLON TYPEID LBRACE expr RBRACE

  18  formal_list_or_empty :
  19                       | formal_list

  20  formal_list : formal
  21              | formal_list COMMA formal

  22  formal : OBJECTID COLON TYPEID

  23  expr : OBJECTID ASSIGN expr
  24       | OBJECTID ASSIGN error
  25       | OBJECTID arg_list_or_empty
  26       | expr DOT OBJECTID arg_list_or_empty
  27       | expr AT TYPEID DOT OBJECTID arg_list_or_empty
  28       | IF expr THEN expr ELSE expr FI
  29       | WHILE expr LOOP expr POOL
  30       | LBRACE expr_list RBRACE
  31       | LET binding_list IN expr
  32       | CASE expr OF branch_list ESAC
  33       | NEW TYPEID
  34       | ISVOID expr
  35       | expr PLUS expr
  36       | expr MINUS expr
  37       | expr MULT expr
  38       | expr DIV expr
  39       | NEG expr
  40       | expr LT expr
  41       | expr LE expr
  42       | expr EQ expr
  43       | NOT expr
  44       | LPAREN expr RPAREN
  45       | OBJECTID
  46       | INT_CONST
  47       | STR_CONST
  48       | BOOL_CONST

  49  binding_list : binding
  50               | binding_list COMMA binding

  51  binding : OBJECTID COLON TYPEID init
  52          | error

  53  branch_list : branch
  54              | branch_list branch

  55  branch : OBJECTID COLON TYPEID DARROW expr SEMI

  56  expr_list : expr SEMI
  57            | expr_list expr SEMI
  58            | expr error
  59            | expr_list expr error

  60  arg_list : expr
  61           | arg_list COMMA expr
  62           | arg_list error expr
  63           | arg_list COMMA error

  64  arg_list_or_empty : LPAREN RPAREN
  65                    | LPAREN arg_list RPAREN
  66                    | LPAREN arg_list error

  67  %entry% : '\001' parse

state 0
	$accept : . %entry% $end  (0)

	'\001'  shift 1
	.  error

	%entry%  goto 2


state 1
	%entry% : '\001' . parse  (67)
	class_list : .  (4)

	EOF  shift 3
	$end  reduce 4
	CLASS  reduce 4

	parse  goto 4
	classes  goto 5
	class_list  goto 6


state 2
	$accept : %entry% . $end  (0)

	$end  accept


state 3
	parse : EOF .  (2)

	.  reduce 2


state 4
	%entry% : '\001' parse .  (67)

	.  reduce 67


state 5
	parse : classes .  (1)

	.  reduce 1


state 6
	classes : class_list .  (3)
	class_list : class_list . clazz  (5)

	CLASS  shift 7
	$end  reduce 3

	clazz  goto 8


state 7
	clazz : CLASS . TYPEID parent_class LBRACE feature_list RBRACE SEMI  (6)

	TYPEID  shift 9
	.  error


state 8
	class_list : class_list clazz .  (5)

	.  reduce 5


state 9
	clazz : CLASS TYPEID . parent_class LBRACE feature_list RBRACE SEMI  (6)
	parent_class : .  (7)

	error  shift 10
	INHERITS  shift 11
	LBRACE  reduce 7

	parent_class  goto 12


state 10
	parent_class : error .  (9)

	.  reduce 9


state 11
	parent_class : INHERITS . TYPEID  (8)

	TYPEID  shift 13
	.  error


state 12
	clazz : CLASS TYPEID parent_class . LBRACE feature_list RBRACE SEMI  (6)

	LBRACE  shift 14
	.  error


state 13
	parent_class : INHERITS TYPEID .  (8)

	.  reduce 8


state 14
	clazz : CLASS TYPEID parent_class LBRACE . feature_list RBRACE SEMI  (6)
	feature_list : .  (10)

	.  reduce 10

	feature_list  goto 15


state 15
	clazz : CLASS TYPEID parent_class LBRACE feature_list . RBRACE SEMI  (6)
	feature_list : feature_list . feature SEMI  (11)

	RBRACE  shift 16
	OBJECTID  shift 17
	.  error

	feature  goto 18
	field  goto 19
	mthd  goto 20


state 16
	clazz : CLASS TYPEID parent_class LBRACE feature_list RBRACE . SEMI  (6)

	SEMI  shift 21
	.  error


state 17
	field : OBJECTID . COLON TYPEID init  (14)
	mthd : OBJECTID . LPAREN formal_list_or_empty RPAREN COLON TYPEID LBRACE expr RBRACE  (17)

	COLON  shift 22
	LPAREN  shift 23
	.  error


state 18
	feature_list : feature_list feature . SEMI  (11)

	SEMI  shift 24
	.  error


state 19
	feature : field .  (12)

	.  reduce 12


state 20
	feature : mthd .  (13)

	.  reduce 13


state 21
	clazz : CLASS TYPEID parent_class LBRACE feature_list RBRACE SEMI .  (6)

	.  reduce 6


state 22
	field : OBJECTID COLON . TYPEID init  (14)

	TYPEID  shift 25
	.  error


state 23
	mthd : OBJECTID LPAREN . formal_list_or_empty RPAREN COLON TYPEID LBRACE expr RBRACE  (17)
	formal_list_or_empty : .  (18)

	OBJECTID  shift 26
	RPAREN  reduce 18

	formal_list_or_empty  goto 27
	formal_list  goto 28
	formal  goto 29


state 24
	feature_list : feature_list feature SEMI .  (11)

	.  reduce 11


state 25
	field : OBJECTID COLON TYPEID . init  (14)
	init : .  (15)

	ASSIGN  shift 30
	SEMI  reduce 15

	init  goto 31


state 26
	formal : OBJECTID . COLON TYPEID  (22)

	COLON  shift 32
	.  error


state 27
	mthd : OBJECTID LPAREN formal_list_or_empty . RPAREN COLON TYPEID LBRACE expr RBRACE  (17)

	RPAREN  shift 33
	.  error


state 28
	formal_list_or_empty : formal_list .  (19)
	formal_list : formal_list . COMMA formal  (21)

	COMMA  shift 34
	RPAREN  reduce 19


state 29
	formal_list : formal .  (20)

	.  reduce 20


state 30
	init : ASSIGN . expr  (16)

	LET  shift 35
	LPAREN  shift 36
	IF  shift 37
	WHILE  shift 38
	LBRACE  shift 39
	CASE  shift 40
	NEW  shift 41
	ISVOID  shift 42
	NEG  shift 43
	NOT  shift 44
	OBJECTID  shift 45
	STR_CONST  shift 46
	INT_CONST  shift 47
	BOOL_CONST  shift 48
	.  error

	expr  goto 49


state 31
	field : OBJECTID COLON TYPEID init .  (14)

	.  reduce 14


state 32
	formal : OBJECTID COLON . TYPEID  (22)

	TYPEID  shift 50
	.  error


state 33
	mthd : OBJECTID LPAREN formal_list_or_empty RPAREN . COLON TYPEID LBRACE expr RBRACE  (17)

	COLON  shift 51
	.  error


state 34
	formal_list : formal_list COMMA . formal  (21)

	OBJECTID  shift 26
	.  error

	formal  goto 52


state 35
	expr : LET . binding_list IN expr  (31)

	error  shift 53
	OBJECTID  shift 54
	.  error

	binding_list  goto 55
	binding  goto 56


state 36
	expr : LPAREN . expr RPAREN  (44)

	LET  shift 35
	LPAREN  shift 36
	IF  shift 37
	WHILE  shift 38
	LBRACE  shift 39
	CASE  shift 40
	NEW  shift 41
	ISVOID  shift 42
	NEG  shift 43
	NOT  shift 44
	OBJECTID  shift 45
	STR_CONST  shift 46
	INT_CONST  shift 47
	BOOL_CONST  shift 48
	.  error

	expr  goto 57


state 37
	expr : IF . expr THEN expr ELSE expr FI  (28)

	LET  shift 35
	LPAREN  shift 36
	IF  shift 37
	WHILE  shift 38
	LBRACE  shift 39
	CASE  shift 40
	NEW  shift 41
	ISVOID  shift 42
	NEG  shift 43
	NOT  shift 44
	OBJECTID  shift 45
	STR_CONST  shift 46
	INT_CONST  shift 47
	BOOL_CONST  shift 48
	.  error

	expr  goto 58


state 38
	expr : WHILE . expr LOOP expr POOL  (29)

	LET  shift 35
	LPAREN  shift 36
	IF  shift 37
	WHILE  shift 38
	LBRACE  shift 39
	CASE  shift 40
	NEW  shift 41
	ISVOID  shift 42
	NEG  shift 43
	NOT  shift 44
	OBJECTID  shift 45
	STR_CONST  shift 46
	INT_CONST  shift 47
	BOOL_CONST  shift 48
	.  error

	expr  goto 59


state 39
	expr : LBRACE . expr_list RBRACE  (30)

	LET  shift 35
	LPAREN  shift 36
	IF  shift 37
	WHILE  shift 38
	LBRACE  shift 39
	CASE  shift 40
	NEW  shift 41
	ISVOID  shift 42
	NEG  shift 43
	NOT  shift 44
	OBJECTID  shift 45
	STR_CONST  shift 46
	INT_CONST  shift 47
	BOOL_CONST  shift 48
	.  error

	expr  goto 60
	expr_list  goto 61


state 40
	expr : CASE . expr OF branch_list ESAC  (32)

	LET  shift 35
	LPAREN  shift 36
	IF  shift 37
	WHILE  shift 38
	LBRACE  shift 39
	CASE  shift 40
	NEW  shift 41
	ISVOID  shift 42
	NEG  shift 43
	NOT  shift 44
	OBJECTID  shift 45
	STR_CONST  shift 46
	INT_CONST  shift 47
	BOOL_CONST  shift 48
	.  error

	expr  goto 62


state 41
	expr : NEW . TYPEID  (33)

	TYPEID  shift 63
	.  error


state 42
	expr : ISVOID . expr  (34)

	LET  shift 35
	LPAREN  shift 36
	IF  shift 37
	WHILE  shift 38
	LBRACE  shift 39
	CASE  shift 40
	NEW  shift 41
	ISVOID  shift 42
	NEG  shift 43
	NOT  shift 44
	OBJECTID  shift 45
	STR_CONST  shift 46
	INT_CONST  shift 47
	BOOL_CONST  shift 48
	.  error

	expr  goto 64


state 43
	expr : NEG . expr  (39)

	LET  shift 35
	LPAREN  shift 36
	IF  shift 37
	WHILE  shift 38
	LBRACE  shift 39
	CASE  shift 40
	NEW  shift 41
	ISVOID  shift 42
	NEG  shift 43
	NOT  shift 44
	OBJECTID  shift 45
	STR_CONST  shift 46
	INT_CONST  shift 47
	BOOL_CONST  shift 48
	.  error

	expr  goto 65


state 44
	expr : NOT . expr  (43)

	LET  shift 35
	LPAREN  shift 36
	IF  shift 37
	WHILE  shift 38
	LBRACE  shift 39
	CASE  shift 40
	NEW  shift 41
	ISVOID  shift 42
	NEG  shift 43
	NOT  shift 44
	OBJECTID  shift 45
	STR_CONST  shift 46
	INT_CONST  shift 47
	BOOL_CONST  shift 48
	.  error

	expr  goto 66


state 45
	expr : OBJECTID . ASSIGN expr  (23)
	expr : OBJECTID . ASSIGN error  (24)
	expr : OBJECTID . arg_list_or_empty  (25)
	expr : OBJECTID .  (45)

	ASSIGN  shift 67
	LPAREN  shift 68
	error  reduce 45
	ELSE  reduce 45
	FI  reduce 45
	IN  reduce 45
	LOOP  reduce 45
	POOL  reduce 45
	THEN  reduce 45
	OF  reduce 45
	AT  reduce 45
	COMMA  reduce 45
	SEMI  reduce 45
	RBRACE  reduce 45
	RPAREN  reduce 45
	DOT  reduce 45
	PLUS  reduce 45
	MINUS  reduce 45
	MULT  reduce 45
	DIV  reduce 45
	LE  reduce 45
	LT  reduce 45
	EQ  reduce 45

	arg_list_or_empty  goto 69


state 46
	expr : STR_CONST .  (47)

	.  reduce 47


state 47
	expr : INT_CONST .  (46)

	.  reduce 46


state 48
	expr : BOOL_CONST .  (48)

	.  reduce 48


state 49
	init : ASSIGN expr .  (16)
	expr : expr . DOT OBJECTID arg_list_or_empty  (26)
	expr : expr . AT TYPEID DOT OBJECTID arg_list_or_empty  (27)
	expr : expr . PLUS expr  (35)
	expr : expr . MINUS expr  (36)
	expr : expr . MULT expr  (37)
	expr : expr . DIV expr  (38)
	expr : expr . LT expr  (40)
	expr : expr . LE expr  (41)
	expr : expr . EQ expr  (42)

	AT  shift 70
	DOT  shift 71
	PLUS  shift 72
	MINUS  shift 73
	MULT  shift 74
	DIV  shift 75
	LE  shift 76
	LT  shift 77
	EQ  shift 78
	IN  reduce 16
	COMMA  reduce 16
	SEMI  reduce 16


state 50
	formal : OBJECTID COLON TYPEID .  (22)

	.  reduce 22


state 51
	mthd : OBJECTID LPAREN formal_list_or_empty RPAREN COLON . TYPEID LBRACE expr RBRACE  (17)

	TYPEID  shift 79
	.  error


state 52
	formal_list : formal_list COMMA formal .  (21)

	.  reduce 21


state 53
	binding : error .  (52)

	.  reduce 52


state 54
	binding : OBJECTID . COLON TYPEID init  (51)

	COLON  shift 80
	.  error


state 55
	expr : LET binding_list . IN expr  (31)
	binding_list : binding_list . COMMA binding  (50)

	IN  shift 81
	COMMA  shift 82
	.  error


state 56
	binding_list : binding .  (49)

	.  reduce 49


state 57
	expr : expr . DOT OBJECTID arg_list_or_empty  (26)
	expr : expr . AT TYPEID DOT OBJECTID arg_list_or_empty  (27)
	expr : expr . PLUS expr  (35)
	expr : expr . MINUS expr  (36)
	expr : expr . MULT expr  (37)
	expr : expr . DIV expr  (38)
	expr : expr . LT expr  (40)
	expr : expr . LE expr  (41)
	expr : expr . EQ expr  (42)
	expr : LPAREN expr . RPAREN  (44)

	AT  shift 70
	RPAREN  shift 83
	DOT  shift 71
	PLUS  shift 72
	MINUS  shift 73
	MULT  shift 74
	DIV  shift 75
	LE  shift 76
	LT  shift 77
	EQ  shift 78
	.  error


state 58
	expr : expr . DOT OBJECTID arg_list_or_empty  (26)
	expr : expr . AT TYPEID DOT OBJECTID arg_list_or_empty  (27)
	expr : IF expr . THEN expr ELSE expr FI  (28)
	expr : expr . PLUS expr  (35)
	expr : expr . MINUS expr  (36)
	expr : expr . MULT expr  (37)
	expr : expr . DIV expr  (38)
	expr : expr . LT expr  (40)
	expr : expr . LE expr  (41)
	expr : expr . EQ expr  (42)

	THEN  shift 84
	AT  shift 70
	DOT  shift 71
	PLUS  shift 72
	MINUS  shift 73
	MULT  shift 74
	DIV  shift 75
	LE  shift 76
	LT  shift 77
	EQ  shift 78
	.  error


state 59
	expr : expr . DOT OBJECTID arg_list_or_empty  (26)
	expr : expr . AT TYPEID DOT OBJECTID arg_list_or_empty  (27)
	expr : WHILE expr . LOOP expr POOL  (29)
	expr : expr . PLUS expr  (35)
	expr : expr . MINUS expr  (36)
	expr : expr . MULT expr  (37)
	expr : expr . DIV expr  (38)
	expr : expr . LT expr  (40)
	expr : expr . LE expr  (41)
	expr : expr . EQ expr  (42)

	LOOP  shift 85
	AT  shift 70
	DOT  shift 71
	PLUS  shift 72
	MINUS  shift 73
	MULT  shift 74
	DIV  shift 75
	LE  shift 76
	LT  shift 77
	EQ  shift 78
	.  error


state 60
	expr : expr . DOT OBJECTID arg_list_or_empty  (26)
	expr : expr . AT TYPEID DOT OBJECTID arg_list_or_empty  (27)
	expr : expr . PLUS expr  (35)
	expr : expr . MINUS expr  (36)
	expr : expr . MULT expr  (37)
	expr : expr . DIV expr  (38)
	expr : expr . LT expr  (40)
	expr : expr . LE expr  (41)
	expr : expr . EQ expr  (42)
	expr_list : expr . SEMI  (56)
	expr_list : expr . error  (58)

	error  shift 86
	AT  shift 70
	SEMI  shift 87
	DOT  shift 71
	PLUS  shift 72
	MINUS  shift 73
	MULT  shift 74
	DIV  shift 75
	LE  shift 76
	LT  shift 77
	EQ  shift 78
	.  error


state 61
	expr : LBRACE expr_list . RBRACE  (30)
	expr_list : expr_list . expr SEMI  (57)
	expr_list : expr_list . expr error  (59)

	LET  shift 35
	LPAREN  shift 36
	RBRACE  shift 88
	IF  shift 37
	WHILE  shift 38
	LBRACE  shift 39
	CASE  shift 40
	NEW  shift 41
	ISVOID  shift 42
	NEG  shift 43
	NOT  shift 44
	OBJECTID  shift 45
	STR_CONST  shift 46
	INT_CONST  shift 47
	BOOL_CONST  shift 48
	.  error

	expr  goto 89


state 62
	expr : expr . DOT OBJECTID arg_list_or_empty  (26)
	expr : expr . AT TYPEID DOT OBJECTID arg_list_or_empty  (27)
	expr : CASE expr . OF branch_list ESAC  (32)
	expr : expr . PLUS expr  (35)
	expr : expr . MINUS expr  (36)
	expr : expr . MULT expr  (37)
	expr : expr . DIV expr  (38)
	expr : expr . LT expr  (40)
	expr : expr . LE expr  (41)
	expr : expr . EQ expr  (42)

	OF  shift 90
	AT  shift 70
	DOT  shift 71
	PLUS  shift 72
	MINUS  shift 73
	MULT  shift 74
	DIV  shift 75
	LE  shift 76
	LT  shift 77
	EQ  shift 78
	.  error


state 63
	expr : NEW TYPEID .  (33)

	.  reduce 33


state 64
	expr : expr . DOT OBJECTID arg_list_or_empty  (26)
	expr : expr . AT TYPEID DOT OBJECTID arg_list_or_empty  (27)
	expr : ISVOID expr .  (34)
	expr : expr . PLUS expr  (35)
	expr : expr . MINUS expr  (36)
	expr : expr . MULT expr  (37)
	expr : expr . DIV expr  (38)
	expr : expr . LT expr  (40)
	expr : expr . LE expr  (41)
	expr : expr . EQ expr  (42)

	AT  shift 70
	DOT  shift 71
	error  reduce 34
	ELSE  reduce 34
	FI  reduce 34
	IN  reduce 34
	LOOP  reduce 34
	POOL  reduce 34
	THEN  reduce 34
	OF  reduce 34
	COMMA  reduce 34
	SEMI  reduce 34
	RBRACE  reduce 34
	RPAREN  reduce 34
	PLUS  reduce 34
	MINUS  reduce 34
	MULT  reduce 34
	DIV  reduce 34
	LE  reduce 34
	LT  reduce 34
	EQ  reduce 34


state 65
	expr : expr . DOT OBJECTID arg_list_or_empty  (26)
	expr : expr . AT TYPEID DOT OBJECTID arg_list_or_empty  (27)
	expr : expr . PLUS expr  (35)
	expr : expr . MINUS expr  (36)
	expr : expr . MULT expr  (37)
	expr : expr . DIV expr  (38)
	expr : NEG expr .  (39)
	expr : expr . LT expr  (40)
	expr : expr . LE expr  (41)
	expr : expr . EQ expr  (42)

	AT  shift 70
	DOT  shift 71
	error  reduce 39
	ELSE  reduce 39
	FI  reduce 39
	IN  reduce 39
	LOOP  reduce 39
	POOL  reduce 39
	THEN  reduce 39
	OF  reduce 39
	COMMA  reduce 39
	SEMI  reduce 39
	RBRACE  reduce 39
	RPAREN  reduce 39
	PLUS  reduce 39
	MINUS  reduce 39
	MULT  reduce 39
	DIV  reduce 39
	LE  reduce 39
	LT  reduce 39
	EQ  reduce 39


state 66
	expr : expr . DOT OBJECTID arg_list_or_empty  (26)
	expr : expr . AT TYPEID DOT OBJECTID arg_list_or_empty  (27)
	expr : expr . PLUS expr  (35)
	expr : expr . MINUS expr  (36)
	expr : expr . MULT expr  (37)
	expr : expr . DIV expr  (38)
	expr : expr . LT expr  (40)
	expr : expr . LE expr  (41)
	expr : expr . EQ expr  (42)
	expr : NOT expr .  (43)

	AT  shift 70
	DOT  shift 71
	PLUS  shift 72
	MINUS  shift 73
	MULT  shift 74
	DIV  shift 75
	LE  shift 76
	LT  shift 77
	EQ  shift 78
	error  reduce 43
	ELSE  reduce 43
	FI  reduce 43
	IN  reduce 43
	LOOP  reduce 43
	POOL  reduce 43
	THEN  reduce 43
	OF  reduce 43
	COMMA  reduce 43
	SEMI  reduce 43
	RBRACE  reduce 43
	RPAREN  reduce 43


state 67
	expr : OBJECTID ASSIGN . expr  (23)
	expr : OBJECTID ASSIGN . error  (24)

	error  shift 91
	LET  shift 35
	LPAREN  shift 36
	IF  shift 37
	WHILE  shift 38
	LBRACE  shift 39
	CASE  shift 40
	NEW  shift 41
	ISVOID  shift 42
	NEG  shift 43
	NOT  shift 44
	OBJECTID  shift 45
	STR_CONST  shift 46
	INT_CONST  shift 47
	BOOL_CONST  shift 48
	.  error

	expr  goto 92


state 68
	arg_list_or_empty : LPAREN . RPAREN  (64)
	arg_list_or_empty : LPAREN . arg_list RPAREN  (65)
	arg_list_or_empty : LPAREN . arg_list error  (66)

	LET  shift 35
	LPAREN  shift 36
	RPAREN  shift 93
	IF  shift 37
	WHILE  shift 38
	LBRACE  shift 39
	CASE  shift 40
	NEW  shift 41
	ISVOID  shift 42
	NEG  shift 43
	NOT  shift 44
	OBJECTID  shift 45
	STR_CONST  shift 46
	INT_CONST  shift 47
	BOOL_CONST  shift 48
	.  error

	expr  goto 94
	arg_list  goto 95


state 69
	expr : OBJECTID arg_list_or_empty .  (25)

	.  reduce 25


state 70
	expr : expr AT . TYPEID DOT OBJECTID arg_list_or_empty  (27)

	TYPEID  shift 96
	.  error


state 71
	expr : expr DOT . OBJECTID arg_list_or_empty  (26)

	OBJECTID  shift 97
	.  error


state 72
	expr : expr PLUS . expr  (35)

	LET  shift 35
	LPAREN  shift 36
	IF  shift 37
	WHILE  shift 38
	LBRACE  shift 39
	CASE  shift 40
	NEW  shift 41
	ISVOID  shift 42
	NEG  shift 43
	NOT  shift 44
	OBJECTID  shift 45
	STR_CONST  shift 46
	INT_CONST  shift 47
	BOOL_CONST  shift 48
	.  error

	expr  goto 98


state 73
	expr : expr MINUS . expr  (36)

	LET  shift 35
	LPAREN  shift 36
	IF  shift 37
	WHILE  shift 38
	LBRACE  shift 39
	CASE  shift 40
	NEW  shift 41
	ISVOID  shift 42
	NEG  shift 43
	NOT  shift 44
	OBJECTID  shift 45
	STR_CONST  shift 46
	INT_CONST  shift 47
	BOOL_CONST  shift 48
	.  error

	expr  goto 99


state 74
	expr : expr MULT . expr  (37)

	LET  shift 35
	LPAREN  shift 36
	IF  shift 37
	WHILE  shift 38
	LBRACE  shift 39
	CASE  shift 40
	NEW  shift 41
	ISVOID  shift 42
	NEG  shift 43
	NOT  shift 44
	OBJECTID  shift 45
	STR_CONST  shift 46
	INT_CONST  shift 47
	BOOL_CONST  shift 48
	.  error

	expr  goto 100


state 75
	expr : expr DIV . expr  (38)

	LET  shift 35
	LPAREN  shift 36
	IF  shift 37
	WHILE  shift 38
	LBRACE  shift 39
	CASE  shift 40
	NEW  shift 41
	ISVOID  shift 42
	NEG  shift 43
	NOT  shift 44
	OBJECTID  shift 45
	STR_CONST  shift 46
	INT_CONST  shift 47
	BOOL_CONST  shift 48
	.  error

	expr  goto 101


state 76
	expr : expr LE . expr  (41)

	LET  shift 35
	LPAREN  shift 36
	IF  shift 37
	WHILE  shift 38
	LBRACE  shift 39
	CASE  shift 40
	NEW  shift 41
	ISVOID  shift 42
	NEG  shift 43
	NOT  shift 44
	OBJECTID  shift 45
	STR_CONST  shift 46
	INT_CONST  shift 47
	BOOL_CONST  shift 48
	.  error

	expr  goto 102


state 77
	expr : expr LT . expr  (40)

	LET  shift 35
	LPAREN  shift 36
	IF  shift 37
	WHILE  shift 38
	LBRACE  shift 39
	CASE  shift 40
	NEW  shift 41
	ISVOID  shift 42
	NEG  shift 43
	NOT  shift 44
	OBJECTID  shift 45
	STR_CONST  shift 46
	INT_CONST  shift 47
	BOOL_CONST  shift 48
	.  error

	expr  goto 103


state 78
	expr : expr EQ . expr  (42)

	LET  shift 35
	LPAREN  shift 36
	IF  shift 37
	WHILE  shift 38
	LBRACE  shift 39
	CASE  shift 40
	NEW  shift 41
	ISVOID  shift 42
	NEG  shift 43
	NOT  shift 44
	OBJECTID  shift 45
	STR_CONST  shift 46
	INT_CONST  shift 47
	BOOL_CONST  shift 48
	.  error

	expr  goto 104


state 79
	mthd : OBJECTID LPAREN formal_list_or_empty RPAREN COLON TYPEID . LBRACE expr RBRACE  (17)

	LBRACE  shift 105
	.  error


state 80
	binding : OBJECTID COLON . TYPEID init  (51)

	TYPEID  shift 106
	.  error


state 81
	expr : LET binding_list IN . expr  (31)

	LET  shift 35
	LPAREN  shift 36
	IF  shift 37
	WHILE  shift 38
	LBRACE  shift 39
	CASE  shift 40
	NEW  shift 41
	ISVOID  shift 42
	NEG  shift 43
	NOT  shift 44
	OBJECTID  shift 45
	STR_CONST  shift 46
	INT_CONST  shift 47
	BOOL_CONST  shift 48
	.  error

	expr  goto 107


state 82
	binding_list : binding_list COMMA . binding  (50)

	error  shift 53
	OBJECTID  shift 54
	.  error

	binding  goto 108


state 83
	expr : LPAREN expr RPAREN .  (44)

	.  reduce 44


state 84
	expr : IF expr THEN . expr ELSE expr FI  (28)

	LET  shift 35
	LPAREN  shift 36
	IF  shift 37
	WHILE  shift 38
	LBRACE  shift 39
	CASE  shift 40
	NEW  shift 41
	ISVOID  shift 42
	NEG  shift 43
	NOT  shift 44
	OBJECTID  shift 45
	STR_CONST  shift 46
	INT_CONST  shift 47
	BOOL_CONST  shift 48
	.  error

	expr  goto 109


state 85
	expr : WHILE expr LOOP . expr POOL  (29)

	LET  shift 35
	LPAREN  shift 36
	IF  shift 37
	WHILE  shift 38
	LBRACE  shift 39
	CASE  shift 40
	NEW  shift 41
	ISVOID  shift 42
	NEG  shift 43
	NOT  shift 44
	OBJECTID  shift 45
	STR_CONST  shift 46
	INT_CONST  shift 47
	BOOL_CONST  shift 48
	.  error

	expr  goto 110


state 86
	expr_list : expr error .  (58)

	.  reduce 58


state 87
	expr_list : expr SEMI .  (56)

	.  reduce 56


state 88
	expr : LBRACE expr_list RBRACE .  (30)

	.  reduce 30


state 89
	expr : expr . DOT OBJECTID arg_list_or_empty  (26)
	expr : expr . AT TYPEID DOT OBJECTID arg_list_or_empty  (27)
	expr : expr . PLUS expr  (35)
	expr : expr . MINUS expr  (36)
	expr : expr . MULT expr  (37)
	expr : expr . DIV expr  (38)
	expr : expr . LT expr  (40)
	expr : expr . LE expr  (41)
	expr : expr . EQ expr  (42)
	expr_list : expr_list expr . SEMI  (57)
	expr_list : expr_list expr . error  (59)

	error  shift 111
	AT  shift 70
	SEMI  shift 112
	DOT  shift 71
	PLUS  shift 72
	MINUS  shift 73
	MULT  shift 74
	DIV  shift 75
	LE  shift 76
	LT  shift 77
	EQ  shift 78
	.  error


state 90
	expr : CASE expr OF . branch_list ESAC  (32)

	OBJECTID  shift 113
	.  error

	branch_list  goto 114
	branch  goto 115


state 91
	expr : OBJECTID ASSIGN error .  (24)

	.  reduce 24


state 92
	expr : OBJECTID ASSIGN expr .  (23)
	expr : expr . DOT OBJECTID arg_list_or_empty  (26)
	expr : expr . AT TYPEID DOT OBJECTID arg_list_or_empty  (27)
	expr : expr . PLUS expr  (35)
	expr : expr . MINUS expr  (36)
	expr : expr . MULT expr  (37)
	expr : expr . DIV expr  (38)
	expr : expr . LT expr  (40)
	expr : expr . LE expr  (41)
	expr : expr . EQ expr  (42)

	AT  shift 70
	DOT  shift 71
	PLUS  shift 72
	MINUS  shift 73
	MULT  shift 74
	DIV  shift 75
	LE  shift 76
	LT  shift 77
	EQ  shift 78
	error  reduce 23
	ELSE  reduce 23
	FI  reduce 23
	IN  reduce 23
	LOOP  reduce 23
	POOL  reduce 23
	THEN  reduce 23
	OF  reduce 23
	COMMA  reduce 23
	SEMI  reduce 23
	RBRACE  reduce 23
	RPAREN  reduce 23


state 93
	arg_list_or_empty : LPAREN RPAREN .  (64)

	.  reduce 64


state 94
	expr : expr . DOT OBJECTID arg_list_or_empty  (26)
	expr : expr . AT TYPEID DOT OBJECTID arg_list_or_empty  (27)
	expr : expr . PLUS expr  (35)
	expr : expr . MINUS expr  (36)
	expr : expr . MULT expr  (37)
	expr : expr . DIV expr  (38)
	expr : expr . LT expr  (40)
	expr : expr . LE expr  (41)
	expr : expr . EQ expr  (42)
	arg_list : expr .  (60)

	AT  shift 70
	DOT  shift 71
	PLUS  shift 72
	MINUS  shift 73
	MULT  shift 74
	DIV  shift 75
	LE  shift 76
	LT  shift 77
	EQ  shift 78
	error  reduce 60
	COMMA  reduce 60
	RPAREN  reduce 60


state 95
	arg_list : arg_list . COMMA expr  (61)
	arg_list : arg_list . error expr  (62)
	arg_list : arg_list . COMMA error  (63)
	arg_list_or_empty : LPAREN arg_list . RPAREN  (65)
	arg_list_or_empty : LPAREN arg_list . error  (66)

	error  shift 116
	COMMA  shift 117
	RPAREN  shift 118
	.  error


state 96
	expr : expr AT TYPEID . DOT OBJECTID arg_list_or_empty  (27)

	DOT  shift 119
	.  error


state 97
	expr : expr DOT OBJECTID . arg_list_or_empty  (26)

	LPAREN  shift 68
	.  error

	arg_list_or_empty  goto 120


state 98
	expr : expr . DOT OBJECTID arg_list_or_empty  (26)
	expr : expr . AT TYPEID DOT OBJECTID arg_list_or_empty  (27)
	expr : expr . PLUS expr  (35)
	expr : expr PLUS expr .  (35)
	expr : expr . MINUS expr  (36)
	expr : expr . MULT expr  (37)
	expr : expr . DIV expr  (38)
	expr : expr . LT expr  (40)
	expr : expr . LE expr  (41)
	expr : expr . EQ expr  (42)

	AT  shift 70
	DOT  shift 71
	MULT  shift 74
	DIV  shift 75
	error  reduce 35
	ELSE  reduce 35
	FI  reduce 35
	IN  reduce 35
	LOOP  reduce 35
	POOL  reduce 35
	THEN  reduce 35
	OF  reduce 35
	COMMA  reduce 35
	SEMI  reduce 35
	RBRACE  reduce 35
	RPAREN  reduce 35
	PLUS  reduce 35
	MINUS  reduce 35
	LE  reduce 35
	LT  reduce 35
	EQ  reduce 35


state 99
	expr : expr . DOT OBJECTID arg_list_or_empty  (26)
	expr : expr . AT TYPEID DOT OBJECTID arg_list_or_empty  (27)
	expr : expr . PLUS expr  (35)
	expr : expr . MINUS expr  (36)
	expr : expr MINUS expr .  (36)
	expr : expr . MULT expr  (37)
	expr : expr . DIV expr  (38)
	expr : expr . LT expr  (40)
	expr : expr . LE expr  (41)
	expr : expr . EQ expr  (42)

	AT  shift 70
	DOT  shift 71
	MULT  shift 74
	DIV  shift 75
	error  reduce 36
	ELSE  reduce 36
	FI  reduce 36
	IN  reduce 36
	LOOP  reduce 36
	POOL  reduce 36
	THEN  reduce 36
	OF  reduce 36
	COMMA  reduce 36
	SEMI  reduce 36
	RBRACE  reduce 36
	RPAREN  reduce 36
	PLUS  reduce 36
	MINUS  reduce 36
	LE  reduce 36
	LT  reduce 36
	EQ  reduce 36


state 100
	expr : expr . DOT OBJECTID arg_list_or_empty  (26)
	expr : expr . AT TYPEID DOT OBJECTID arg_list_or_empty  (27)
	expr : expr . PLUS expr  (35)
	expr : expr . MINUS expr  (36)
	expr : expr . MULT expr  (37)
	expr : expr MULT expr .  (37)
	expr : expr . DIV expr  (38)
	expr : expr . LT expr  (40)
	expr : expr . LE expr  (41)
	expr : expr . EQ expr  (42)

	AT  shift 70
	DOT  shift 71
	error  reduce 37
	ELSE  reduce 37
	FI  reduce 37
	IN  reduce 37
	LOOP  reduce 37
	POOL  reduce 37
	THEN  reduce 37
	OF  reduce 37
	COMMA  reduce 37
	SEMI  reduce 37
	RBRACE  reduce 37
	RPAREN  reduce 37
	PLUS  reduce 37
	MINUS  reduce 37
	MULT  reduce 37
	DIV  reduce 37
	LE  reduce 37
	LT  reduce 37
	EQ  reduce 37


state 101
	expr : expr . DOT OBJECTID arg_list_or_empty  (26)
	expr : expr . AT TYPEID DOT OBJECTID arg_list_or_empty  (27)
	expr : expr . PLUS expr  (35)
	expr : expr . MINUS expr  (36)
	expr : expr . MULT expr  (37)
	expr : expr . DIV expr  (38)
	expr : expr DIV expr .  (38)
	expr : expr . LT expr  (40)
	expr : expr . LE expr  (41)
	expr : expr . EQ expr  (42)

	AT  shift 70
	DOT  shift 71
	error  reduce 38
	ELSE  reduce 38
	FI  reduce 38
	IN  reduce 38
	LOOP  reduce 38
	POOL  reduce 38
	THEN  reduce 38
	OF  reduce 38
	COMMA  reduce 38
	SEMI  reduce 38
	RBRACE  reduce 38
	RPAREN  reduce 38
	PLUS  reduce 38
	MINUS  reduce 38
	MULT  reduce 38
	DIV  reduce 38
	LE  reduce 38
	LT  reduce 38
	EQ  reduce 38


state 102
	expr : expr . DOT OBJECTID arg_list_or_empty  (26)
	expr : expr . AT TYPEID DOT OBJECTID arg_list_or_empty  (27)
	expr : expr . PLUS expr  (35)
	expr : expr . MINUS expr  (36)
	expr : expr . MULT expr  (37)
	expr : expr . DIV expr  (38)
	expr : expr . LT expr  (40)
	expr : expr . LE expr  (41)
	expr : expr LE expr .  (41)
	expr : expr . EQ expr  (42)

	AT  shift 70
	DOT  shift 71
	PLUS  shift 72
	MINUS  shift 73
	MULT  shift 74
	DIV  shift 75
	error  reduce 41
	ELSE  reduce 41
	FI  reduce 41
	IN  reduce 41
	LOOP  reduce 41
	POOL  reduce 41
	THEN  reduce 41
	OF  reduce 41
	COMMA  reduce 41
	SEMI  reduce 41
	RBRACE  reduce 41
	RPAREN  reduce 41


state 103
	expr : expr . DOT OBJECTID arg_list_or_empty  (26)
	expr : expr . AT TYPEID DOT OBJECTID arg_list_or_empty  (27)
	expr : expr . PLUS expr  (35)
	expr : expr . MINUS expr  (36)
	expr : expr . MULT expr  (37)
	expr : expr . DIV expr  (38)
	expr : expr . LT expr  (40)
	expr : expr LT expr .  (40)
	expr : expr . LE expr  (41)
	expr : expr . EQ expr  (42)

	AT  shift 70
	DOT  shift 71
	PLUS  shift 72
	MINUS  shift 73
	MULT  shift 74
	DIV  shift 75
	error  reduce 40
	ELSE  reduce 40
	FI  reduce 40
	IN  reduce 40
	LOOP  reduce 40
	POOL  reduce 40
	THEN  reduce 40
	OF  reduce 40
	COMMA  reduce 40
	SEMI  reduce 40
	RBRACE  reduce 40
	RPAREN  reduce 40


state 104
	expr : expr . DOT OBJECTID arg_list_or_empty  (26)
	expr : expr . AT TYPEID DOT OBJECTID arg_list_or_empty  (27)
	expr : expr . PLUS expr  (35)
	expr : expr . MINUS expr  (36)
	expr : expr . MULT expr  (37)
	expr : expr . DIV expr  (38)
	expr : expr . LT expr  (40)
	expr : expr . LE expr  (41)
	expr : expr . EQ expr  (42)
	expr : expr EQ expr .  (42)

	AT  shift 70
	DOT  shift 71
	PLUS  shift 72
	MINUS  shift 73
	MULT  shift 74
	DIV  shift 75
	error  reduce 42
	ELSE  reduce 42
	FI  reduce 42
	IN  reduce 42
	LOOP  reduce 42
	POOL  reduce 42
	THEN  reduce 42
	OF  reduce 42
	COMMA  reduce 42
	SEMI  reduce 42
	RBRACE  reduce 42
	RPAREN  reduce 42


state 105
	mthd : OBJECTID LPAREN formal_list_or_empty RPAREN COLON TYPEID LBRACE . expr RBRACE  (17)

	LET  shift 35
	LPAREN  shift 36
	IF  shift 37
	WHILE  shift 38
	LBRACE  shift 39
	CASE  shift 40
	NEW  shift 41
	ISVOID  shift 42
	NEG  shift 43
	NOT  shift 44
	OBJECTID  shift 45
	STR_CONST  shift 46
	INT_CONST  shift 47
	BOOL_CONST  shift 48
	.  error

	expr  goto 121


state 106
	binding : OBJECTID COLON TYPEID . init  (51)
	init : .  (15)

	ASSIGN  shift 30
	IN  reduce 15
	COMMA  reduce 15

	init  goto 122


state 107
	expr : expr . DOT OBJECTID arg_list_or_empty  (26)
	expr : expr . AT TYPEID DOT OBJECTID arg_list_or_empty  (27)
	expr : LET binding_list IN expr .  (31)
	expr : expr . PLUS expr  (35)
	expr : expr . MINUS expr  (36)
	expr : expr . MULT expr  (37)
	expr : expr . DIV expr  (38)
	expr : expr . LT expr  (40)
	expr : expr . LE expr  (41)
	expr : expr . EQ expr  (42)

	AT  shift 70
	DOT  shift 71
	PLUS  shift 72
	MINUS  shift 73
	MULT  shift 74
	DIV  shift 75
	LE  shift 76
	LT  shift 77
	EQ  shift 78
	error  reduce 31
	ELSE  reduce 31
	FI  reduce 31
	IN  reduce 31
	LOOP  reduce 31
	POOL  reduce 31
	THEN  reduce 31
	OF  reduce 31
	COMMA  reduce 31
	SEMI  reduce 31
	RBRACE  reduce 31
	RPAREN  reduce 31


state 108
	binding_list : binding_list COMMA binding .  (50)

	.  reduce 50


state 109
	expr : expr . DOT OBJECTID arg_list_or_empty  (26)
	expr : expr . AT TYPEID DOT OBJECTID arg_list_or_empty  (27)
	expr : IF expr THEN expr . ELSE expr FI  (28)
	expr : expr . PLUS expr  (35)
	expr : expr . MINUS expr  (36)
	expr : expr . MULT expr  (37)
	expr : expr . DIV expr  (38)
	expr : expr . LT expr  (40)
	expr : expr . LE expr  (41)
	expr : expr . EQ expr  (42)

	ELSE  shift 123
	AT  shift 70
	DOT  shift 71
	PLUS  shift 72
	MINUS  shift 73
	MULT  shift 74
	DIV  shift 75
	LE  shift 76
	LT  shift 77
	EQ  shift 78
	.  error


state 110
	expr : expr . DOT OBJECTID arg_list_or_empty  (26)
	expr : expr . AT TYPEID DOT OBJECTID arg_list_or_empty  (27)
	expr : WHILE expr LOOP expr . POOL  (29)
	expr : expr . PLUS expr  (35)
	expr : expr . MINUS expr  (36)
	expr : expr . MULT expr  (37)
	expr : expr . DIV expr  (38)
	expr : expr . LT expr  (40)
	expr : expr . LE expr  (41)
	expr : expr . EQ expr  (42)

	POOL  shift 124
	AT  shift 70
	DOT  shift 71
	PLUS  shift 72
	MINUS  shift 73
	MULT  shift 74
	DIV  shift 75
	LE  shift 76
	LT  shift 77
	EQ  shift 78
	.  error


state 111
	expr_list : expr_list expr error .  (59)

	.  reduce 59


state 112
	expr_list : expr_list expr SEMI .  (57)

	.  reduce 57


state 113
	branch : OBJECTID . COLON TYPEID DARROW expr SEMI  (55)

	COLON  shift 125
	.  error


state 114
	expr : CASE expr OF branch_list . ESAC  (32)
	branch_list : branch_list . branch  (54)

	ESAC  shift 126
	OBJECTID  shift 113
	.  error

	branch  goto 127


state 115
	branch_list : branch .  (53)

	.  reduce 53


state 116
	arg_list : arg_list error . expr  (62)
	arg_list_or_empty : LPAREN arg_list error .  (66)

	LET  shift 35
	LPAREN  shift 36
	IF  shift 37
	WHILE  shift 38
	LBRACE  shift 39
	CASE  shift 40
	NEW  shift 41
	ISVOID  shift 42
	NEG  shift 43
	NOT  shift 44
	OBJECTID  shift 45
	STR_CONST  shift 46
	INT_CONST  shift 47
	BOOL_CONST  shift 48
	error  reduce 66
	ELSE  reduce 66
	FI  reduce 66
	IN  reduce 66
	LOOP  reduce 66
	POOL  reduce 66
	THEN  reduce 66
	OF  reduce 66
	AT  reduce 66
	COMMA  reduce 66
	SEMI  reduce 66
	RBRACE  reduce 66
	RPAREN  reduce 66
	DOT  reduce 66
	PLUS  reduce 66
	MINUS  reduce 66
	MULT  reduce 66
	DIV  reduce 66
	LE  reduce 66
	LT  reduce 66
	EQ  reduce 66

	expr  goto 128


state 117
	arg_list : arg_list COMMA . expr  (61)
	arg_list : arg_list COMMA . error  (63)

	error  shift 129
	LET  shift 35
	LPAREN  shift 36
	IF  shift 37
	WHILE  shift 38
	LBRACE  shift 39
	CASE  shift 40
	NEW  shift 41
	ISVOID  shift 42
	NEG  shift 43
	NOT  shift 44
	OBJECTID  shift 45
	STR_CONST  shift 46
	INT_CONST  shift 47
	BOOL_CONST  shift 48
	.  error

	expr  goto 130


state 118
	arg_list_or_empty : LPAREN arg_list RPAREN .  (65)

	.  reduce 65


state 119
	expr : expr AT TYPEID DOT . OBJECTID arg_list_or_empty  (27)

	OBJECTID  shift 131
	.  error


state 120
	expr : expr DOT OBJECTID arg_list_or_empty .  (26)

	.  reduce 26


state 121
	mthd : OBJECTID LPAREN formal_list_or_empty RPAREN COLON TYPEID LBRACE expr . RBRACE  (17)
	expr : expr . DOT OBJECTID arg_list_or_empty  (26)
	expr : expr . AT TYPEID DOT OBJECTID arg_list_or_empty  (27)
	expr : expr . PLUS expr  (35)
	expr : expr . MINUS expr  (36)
	expr : expr . MULT expr  (37)
	expr : expr . DIV expr  (38)
	expr : expr . LT expr  (40)
	expr : expr . LE expr  (41)
	expr : expr . EQ expr  (42)

	AT  shift 70
	RBRACE  shift 132
	DOT  shift 71
	PLUS  shift 72
	MINUS  shift 73
	MULT  shift 74
	DIV  shift 75
	LE  shift 76
	LT  shift 77
	EQ  shift 78
	.  error


state 122
	binding : OBJECTID COLON TYPEID init .  (51)

	.  reduce 51


state 123
	expr : IF expr THEN expr ELSE . expr FI  (28)

	LET  shift 35
	LPAREN  shift 36
	IF  shift 37
	WHILE  shift 38
	LBRACE  shift 39
	CASE  shift 40
	NEW  shift 41
	ISVOID  shift 42
	NEG  shift 43
	NOT  shift 44
	OBJECTID  shift 45
	STR_CONST  shift 46
	INT_CONST  shift 47
	BOOL_CONST  shift 48
	.  error

	expr  goto 133


state 124
	expr : WHILE expr LOOP expr POOL .  (29)

	.  reduce 29


state 125
	branch : OBJECTID COLON . TYPEID DARROW expr SEMI  (55)

	TYPEID  shift 134
	.  error


state 126
	expr : CASE expr OF branch_list ESAC .  (32)

	.  reduce 32


state 127
	branch_list : branch_list branch .  (54)

	.  reduce 54


state 128
	expr : expr . DOT OBJECTID arg_list_or_empty  (26)
	expr : expr . AT TYPEID DOT OBJECTID arg_list_or_empty  (27)
	expr : expr . PLUS expr  (35)
	expr : expr . MINUS expr  (36)
	expr : expr . MULT expr  (37)
	expr : expr . DIV expr  (38)
	expr : expr . LT expr  (40)
	expr : expr . LE expr  (41)
	expr : expr . EQ expr  (42)
	arg_list : arg_list error expr .  (62)

	AT  shift 70
	DOT  shift 71
	PLUS  shift 72
	MINUS  shift 73
	MULT  shift 74
	DIV  shift 75
	LE  shift 76
	LT  shift 77
	EQ  shift 78
	error  reduce 62
	COMMA  reduce 62
	RPAREN  reduce 62


state 129
	arg_list : arg_list COMMA error .  (63)

	.  reduce 63


state 130
	expr : expr . DOT OBJECTID arg_list_or_empty  (26)
	expr : expr . AT TYPEID DOT OBJECTID arg_list_or_empty  (27)
	expr : expr . PLUS expr  (35)
	expr : expr . MINUS expr  (36)
	expr : expr . MULT expr  (37)
	expr : expr . DIV expr  (38)
	expr : expr . LT expr  (40)
	expr : expr . LE expr  (41)
	expr : expr . EQ expr  (42)
	arg_list : arg_list COMMA expr .  (61)

	AT  shift 70
	DOT  shift 71
	PLUS  shift 72
	MINUS  shift 73
	MULT  shift 74
	DIV  shift 75
	LE  shift 76
	LT  shift 77
	EQ  shift 78
	error  reduce 61
	COMMA  reduce 61
	RPAREN  reduce 61


state 131
	expr : expr AT TYPEID DOT OBJECTID . arg_list_or_empty  (27)

	LPAREN  shift 68
	.  error

	arg_list_or_empty  goto 135


state 132
	mthd : OBJECTID LPAREN formal_list_or_empty RPAREN COLON TYPEID LBRACE expr RBRACE .  (17)

	.  reduce 17


state 133
	expr : expr . DOT OBJECTID arg_list_or_empty  (26)
	expr : expr . AT TYPEID DOT OBJECTID arg_list_or_empty  (27)
	expr : IF expr THEN expr ELSE expr . FI  (28)
	expr : expr . PLUS expr  (35)
	expr : expr . MINUS expr  (36)
	expr : expr . MULT expr  (37)
	expr : expr . DIV expr  (38)
	expr : expr . LT expr  (40)
	expr : expr . LE expr  (41)
	expr : expr . EQ expr  (42)

	FI  shift 136
	AT  shift 70
	DOT  shift 71
	PLUS  shift 72
	MINUS  shift 73
	MULT  shift 74
	DIV  shift 75
	LE  shift 76
	LT  shift 77
	EQ  shift 78
	.  error


state 134
	branch : OBJECTID COLON TYPEID . DARROW expr SEMI  (55)

	DARROW  shift 137
	.  error


state 135
	expr : expr AT TYPEID DOT OBJECTID arg_list_or_empty .  (27)

	.  reduce 27


state 136
	expr : IF expr THEN expr ELSE expr FI .  (28)

	.  reduce 28


state 137
	branch : OBJECTID COLON TYPEID DARROW . expr SEMI  (55)

	LET  shift 35
	LPAREN  shift 36
	IF  shift 37
	WHILE  shift 38
	LBRACE  shift 39
	CASE  shift 40
	NEW  shift 41
	ISVOID  shift 42
	NEG  shift 43
	NOT  shift 44
	OBJECTID  shift 45
	STR_CONST  shift 46
	INT_CONST  shift 47
	BOOL_CONST  shift 48
	.  error

	expr  goto 138


state 138
	expr : expr . DOT OBJECTID arg_list_or_empty  (26)
	expr : expr . AT TYPEID DOT OBJECTID arg_list_or_empty  (27)
	expr : expr . PLUS expr  (35)
	expr : expr . MINUS expr  (36)
	expr : expr . MULT expr  (37)
	expr : expr . DIV expr  (38)
	expr : expr . LT expr  (40)
	expr : expr . LE expr  (41)
	expr : expr . EQ expr  (42)
	branch : OBJECTID COLON TYPEID DARROW expr . SEMI  (55)

	AT  shift 70
	SEMI  shift 139
	DOT  shift 71
	PLUS  shift 72
	MINUS  shift 73
	MULT  shift 74
	DIV  shift 75
	LE  shift 76
	LT  shift 77
	EQ  shift 78
	.  error


state 139
	branch : OBJECTID COLON TYPEID DARROW expr SEMI .  (55)

	.  reduce 55


47 terminals, 23 nonterminals
68 grammar rules, 140 states
